<?xml version="1.0" encoding="UTF-8"?>
<!-- Generated by org.testng.reporters.JUnitReportReporter -->
<testsuite hostname="QT-INBG-LT0847" failures="0" tests="1" name="rest.NonBdd" time="8.086" errors="0" timestamp="2023-02-13T20:06:28 IST" skipped="0">
  <testcase classname="rest.NonBdd" name="postFile" time="8.086"/>
  <system-out/>
</testsuite> <!-- rest.NonBdd -->
