<?xml version="1.0" encoding="UTF-8"?>
<!-- Generated by org.testng.reporters.JUnitReportReporter -->
<testsuite hostname="QT-INBG-LT0847" failures="0" tests="6" name="SampleGetReq" time="2.522" errors="0" timestamp="2023-02-13T19:45:19 IST" skipped="5">
  <testcase classname="SampleGetReq" name="PutreqNonBDD" time="2.522"/>
  <system-out/>
  <testcase classname="SampleGetReq" name="SampleGetReqBody">
    <skipped/>
  </testcase> <!-- SampleGetReqBody -->
  <system-out/>
  <testcase classname="SampleGetReq" name="PostreqNonBDD">
    <skipped/>
  </testcase> <!-- PostreqNonBDD -->
  <system-out/>
  <testcase classname="SampleGetReq" name="GetReq">
    <skipped/>
  </testcase> <!-- GetReq -->
  <system-out/>
  <testcase classname="SampleGetReq" name="deleteReqNonBDD">
    <skipped/>
  </testcase> <!-- deleteReqNonBDD -->
  <system-out/>
  <testcase classname="SampleGetReq" name="GetReqNonBDD">
    <skipped/>
  </testcase> <!-- GetReqNonBDD -->
  <system-out/>
</testsuite> <!-- SampleGetReq -->
