<?xml version="1.0" encoding="UTF-8"?>
<!-- Generated by org.testng.reporters.JUnitReportReporter -->
<testsuite hostname="QT-INBG-LT0847" failures="0" tests="1" name="EXcel" time="3.484" errors="0" timestamp="2023-03-22T15:55:47 IST" skipped="0">
  <testcase classname="EXcel" name="DataCompareTest" time="3.484"/>
  <system-out/>
</testsuite> <!-- EXcel -->
