<?xml version="1.0" encoding="UTF-8"?>
<!-- Generated by org.testng.reporters.JUnitReportReporter -->
<testsuite hostname="QT-INBG-LT0847" failures="0" tests="1" name="sampleEx" time="1.637" errors="0" timestamp="2023-03-22T15:34:54 IST" skipped="0">
  <testcase classname="sampleEx" name="DataCompareTest" time="1.637"/>
  <system-out/>
</testsuite> <!-- sampleEx -->
