<?xml version="1.0" encoding="UTF-8"?>
<!-- Generated by org.testng.reporters.JUnitReportReporter -->
<testsuite hostname="QT-INBG-LT0847" failures="0" tests="1" name="testngEX.ex1" time="0.012" errors="0" timestamp="2022-12-09T11:13:18 IST" skipped="0">
  <testcase classname="testngEX.ex1" name="exe" time="0.012"/>
  <system-out/>
</testsuite> <!-- testngEX.ex1 -->
